#
# There is insufficient memory for the Java Runtime Environment to continue.
# Native memory allocation (malloc) failed to allocate 197376 bytes for Chunk::new
# Possible reasons:
#   The system is out of physical RAM or swap space
#   The process is running with CompressedOops enabled, and the Java Heap may be blocking the growth of the native heap
# Possible solutions:
#   Reduce memory load on the system
#   Increase physical memory or swap space
#   Check if swap backing store is full
#   Decrease Java heap size (-Xmx/-Xms)
#   Decrease number of Java threads
#   Decrease Java thread stack sizes (-Xss)
#   Set larger code cache with -XX:ReservedCodeCacheSize=
#   JVM is running with Unscaled Compressed Oops mode in which the Java heap is
#     placed in the first 4GB address space. The Java Heap base address is the
#     maximum limit for the native heap growth. Please use -XX:HeapBaseMinAddress
#     to set the Java Heap base and to place the Java Heap above 4GB virtual address.
# This output file may be truncated or incomplete.
#
#  Out of Memory Error (allocation.cpp:389), pid=16316, tid=0x00000000000046a4
#
# JRE version: Java(TM) SE Runtime Environment (8.0_321-b07) (build 1.8.0_321-b07)
# Java VM: Java HotSpot(TM) 64-Bit Server VM (25.321-b07 mixed mode windows-amd64 compressed oops)
# Failed to write core dump. Minidumps are not enabled by default on client versions of Windows
#

---------------  T H R E A D  ---------------

Current thread (0x0000023016bbb800):  JavaThread "C2 CompilerThread0" daemon [_thread_in_native, id=18084, stack(0x0000009889e00000,0x0000009889f00000)]

Stack: [0x0000009889e00000,0x0000009889f00000]
Native frames: (J=compiled Java code, j=interpreted, Vv=VM code, C=native code)
V  [jvm.dll+0x32fc49]


Current CompileTask:
C2:    466  571       4       org.codehaus.plexus.util.xml.XmlReader::read (11 bytes)


---------------  P R O C E S S  ---------------

Java Threads: ( => current thread )
  0x0000023018a60800 JavaThread "Service Thread" daemon [_thread_blocked, id=13168, stack(0x000000988a200000,0x000000988a300000)]
  0x0000023016bdc000 JavaThread "C1 CompilerThread3" daemon [_thread_in_native, id=9864, stack(0x000000988a100000,0x000000988a200000)]
  0x0000023016bcc000 JavaThread "C2 CompilerThread2" daemon [_thread_in_native, id=15460, stack(0x000000988a000000,0x000000988a100000)]
  0x0000023016bc9800 JavaThread "C2 CompilerThread1" daemon [_thread_in_native, id=1696, stack(0x0000009889f00000,0x000000988a000000)]
=>0x0000023016bbb800 JavaThread "C2 CompilerThread0" daemon [_thread_in_native, id=18084, stack(0x0000009889e00000,0x0000009889f00000)]
  0x0000023016bba800 JavaThread "Attach Listener" daemon [_thread_blocked, id=13796, stack(0x0000009889d00000,0x0000009889e00000)]
  0x0000023016bb9000 JavaThread "Signal Dispatcher" daemon [_thread_blocked, id=3036, stack(0x0000009889c00000,0x0000009889d00000)]
  0x0000023016b97000 JavaThread "Finalizer" daemon [_thread_blocked, id=19060, stack(0x0000009889b00000,0x0000009889c00000)]
  0x0000023016b90000 JavaThread "Reference Handler" daemon [_thread_blocked, id=6448, stack(0x0000009889a00000,0x0000009889b00000)]
  0x0000023003036800 JavaThread "main" [_thread_in_native, id=2572, stack(0x0000009889000000,0x0000009889100000)]

Other Threads:
  0x0000023016b66000 VMThread [stack: 0x0000009889900000,0x0000009889a00000] [id=7764]
  0x0000023016beb000 WatcherThread [stack: 0x000000988a300000,0x000000988a400000] [id=7076]

VM state:not at safepoint (normal execution)

VM Mutex/Monitor currently owned by a thread: None

heap address: 0x00000000c3a00000, size: 966 MB, Compressed Oops mode: 32-bit
Narrow klass base: 0x0000000000000000, Narrow klass shift: 3
Compressed class space size: 1073741824 Address: 0x0000000100000000

Heap:
 PSYoungGen      total 18432K, used 8080K [0x00000000ebe00000, 0x00000000ed280000, 0x0000000100000000)
  eden space 15872K, 34% used [0x00000000ebe00000,0x00000000ec36a3b0,0x00000000ecd80000)
  from space 2560K, 99% used [0x00000000ecd80000,0x00000000ecff9e98,0x00000000ed000000)
  to   space 2560K, 0% used [0x00000000ed000000,0x00000000ed000000,0x00000000ed280000)
 ParOldGen       total 42496K, used 1235K [0x00000000c3a00000, 0x00000000c6380000, 0x00000000ebe00000)
  object space 42496K, 2% used [0x00000000c3a00000,0x00000000c3b34fd8,0x00000000c6380000)
 Metaspace       used 7753K, capacity 7896K, committed 7936K, reserved 1056768K
  class space    used 930K, capacity 1016K, committed 1024K, reserved 1048576K

Card table byte_map: [0x0000023013dc0000,0x0000023013fb0000] byte_map_base: 0x00000230137a3000

Marking Bits: (ParMarkBitMap*) 0x0000000052339030
 Begin Bits: [0x0000023014100000, 0x0000023015018000)
 End Bits:   [0x0000023015018000, 0x0000023015f30000)

Polling page: 0x00000230049d0000

CodeCache: size=245760Kb used=2715Kb max_used=2715Kb free=243044Kb
 bounds [0x0000023004a00000, 0x0000023004cb0000, 0x0000023013a00000]
 total_blobs=870 nmethods=573 adapters=210
 compilation: enabled

Compilation events (10 events):
Event: 0.453 Thread 0x0000023016bdc000 nmethod 575 0x0000023004c9f590 code [0x0000023004c9f700, 0x0000023004c9f958]
Event: 0.455 Thread 0x0000023016bdc000  576       3       java.lang.String::trim (77 bytes)
Event: 0.455 Thread 0x0000023016bdc000 nmethod 576 0x0000023004ca2110 code [0x0000023004ca22a0, 0x0000023004ca2750]
Event: 0.455 Thread 0x0000023016bdc000  579       3       org.codehaus.plexus.util.xml.pull.MXParser::parseEndTag (444 bytes)
Event: 0.458 Thread 0x0000023016bdc000 nmethod 579 0x0000023004ca2b50 code [0x0000023004ca3100, 0x0000023004ca6590]
Event: 0.458 Thread 0x0000023016bdc000  577       3       org.codehaus.plexus.util.xml.pull.MXParser::isNameStartChar (63 bytes)
Event: 0.459 Thread 0x0000023016bdc000 nmethod 577 0x0000023004ca1b10 code [0x0000023004ca1c80, 0x0000023004ca2018]
Event: 0.459 Thread 0x0000023016bdc000  578       3       org.codehaus.plexus.util.xml.pull.MXParser::getText (125 bytes)
Event: 0.459 Thread 0x0000023016bdc000 nmethod 578 0x0000023004ca13d0 code [0x0000023004ca1560, 0x0000023004ca1a20]
Event: 0.461 Thread 0x0000023016bdc000  581       3       org.codehaus.plexus.util.xml.pull.MXParser::parseStartTag (1195 bytes)

GC Heap History (2 events):
Event: 0.387 GC heap before
{Heap before GC invocations=1 (full 0):
 PSYoungGen      total 18432K, used 15872K [0x00000000ebe00000, 0x00000000ed280000, 0x0000000100000000)
  eden space 15872K, 100% used [0x00000000ebe00000,0x00000000ecd80000,0x00000000ecd80000)
  from space 2560K, 0% used [0x00000000ed000000,0x00000000ed000000,0x00000000ed280000)
  to   space 2560K, 0% used [0x00000000ecd80000,0x00000000ecd80000,0x00000000ed000000)
 ParOldGen       total 42496K, used 0K [0x00000000c3a00000, 0x00000000c6380000, 0x00000000ebe00000)
  object space 42496K, 0% used [0x00000000c3a00000,0x00000000c3a00000,0x00000000c6380000)
 Metaspace       used 6942K, capacity 7096K, committed 7296K, reserved 1056768K
  class space    used 799K, capacity 856K, committed 896K, reserved 1048576K
Event: 0.390 GC heap after
Heap after GC invocations=1 (full 0):
 PSYoungGen      total 18432K, used 2535K [0x00000000ebe00000, 0x00000000ed280000, 0x0000000100000000)
  eden space 15872K, 0% used [0x00000000ebe00000,0x00000000ebe00000,0x00000000ecd80000)
  from space 2560K, 99% used [0x00000000ecd80000,0x00000000ecff9e98,0x00000000ed000000)
  to   space 2560K, 0% used [0x00000000ed000000,0x00000000ed000000,0x00000000ed280000)
 ParOldGen       total 42496K, used 1235K [0x00000000c3a00000, 0x00000000c6380000, 0x00000000ebe00000)
  object space 42496K, 2% used [0x00000000c3a00000,0x00000000c3b34fd8,0x00000000c6380000)
 Metaspace       used 6942K, capacity 7096K, committed 7296K, reserved 1056768K
  class space    used 799K, capacity 856K, committed 896K, reserved 1048576K
}

Deoptimization events (1 events):
Event: 0.298 Thread 0x0000023003036800 Uncommon trap: reason=unstable_if action=reinterpret pc=0x0000023004baa4e8 method=java.lang.String.indexOf([CII[CIII)I @ 3

Classes redefined (0 events):
No events

Internal exceptions (10 events):
Event: 0.148 Thread 0x0000023003036800 Exception <a 'java/security/PrivilegedActionException'> (0x00000000ec11d8d0) thrown at [C:\jenkins\workspace\8-2-build-windows-amd64-cygwin\jdk8u321\2141\hotspot\src\share\vm\prims\jvm.cpp, line 1523]
Event: 0.156 Thread 0x0000023003036800 Exception <a 'java/lang/NullPointerException'> (0x00000000ec13e010) thrown at [C:\jenkins\workspace\8-2-build-windows-amd64-cygwin\jdk8u321\2141\hotspot\src\share\vm\interpreter\linkResolver.cpp, line 1185]
Event: 0.156 Thread 0x0000023003036800 Exception <a 'java/lang/NullPointerException'> (0x00000000ec13e218) thrown at [C:\jenkins\workspace\8-2-build-windows-amd64-cygwin\jdk8u321\2141\hotspot\src\share\vm\interpreter\linkResolver.cpp, line 1185]
Event: 0.156 Thread 0x0000023003036800 Exception <a 'java/lang/NullPointerException'> (0x00000000ec13e420) thrown at [C:\jenkins\workspace\8-2-build-windows-amd64-cygwin\jdk8u321\2141\hotspot\src\share\vm\interpreter\linkResolver.cpp, line 1185]
Event: 0.157 Thread 0x0000023003036800 Exception <a 'java/lang/NullPointerException'> (0x00000000ec146e40) thrown at [C:\jenkins\workspace\8-2-build-windows-amd64-cygwin\jdk8u321\2141\hotspot\src\share\vm\interpreter\linkResolver.cpp, line 1185]
Event: 0.158 Thread 0x0000023003036800 Exception <a 'java/lang/NullPointerException'> (0x00000000ec15fc30) thrown at [C:\jenkins\workspace\8-2-build-windows-amd64-cygwin\jdk8u321\2141\hotspot\src\share\vm\interpreter\linkResolver.cpp, line 1185]
Event: 0.158 Thread 0x0000023003036800 Exception <a 'java/lang/NullPointerException'> (0x00000000ec15fe38) thrown at [C:\jenkins\workspace\8-2-build-windows-amd64-cygwin\jdk8u321\2141\hotspot\src\share\vm\interpreter\linkResolver.cpp, line 1185]
Event: 0.158 Thread 0x0000023003036800 Exception <a 'java/lang/NullPointerException'> (0x00000000ec160040) thrown at [C:\jenkins\workspace\8-2-build-windows-amd64-cygwin\jdk8u321\2141\hotspot\src\share\vm\interpreter\linkResolver.cpp, line 1185]
Event: 0.158 Thread 0x0000023003036800 Exception <a 'java/lang/NullPointerException'> (0x00000000ec160248) thrown at [C:\jenkins\workspace\8-2-build-windows-amd64-cygwin\jdk8u321\2141\hotspot\src\share\vm\interpreter\linkResolver.cpp, line 1185]
Event: 0.440 Thread 0x0000023003036800 Exception <a 'java/lang/NoClassDefFoundError': javax/enterprise/inject/Typed> (0x00000000ec11bdc8) thrown at [C:\jenkins\workspace\8-2-build-windows-amd64-cygwin\jdk8u321\2141\hotspot\src\share\vm\classfile\systemDictionary.cpp, line 201]

Events (10 events):
Event: 0.461 loading class org/apache/maven/artifact/resolver/ArtifactCollector
Event: 0.461 loading class org/apache/maven/artifact/resolver/ArtifactCollector done
Event: 0.461 loading class org/apache/maven/artifact/resolver/ArtifactCollector
Event: 0.461 loading class org/apache/maven/artifact/resolver/ArtifactCollector done
Event: 0.462 loading class org/apache/maven/repository/legacy/resolver/LegacyArtifactCollector
Event: 0.462 loading class org/apache/maven/repository/legacy/resolver/LegacyArtifactCollector done
Event: 0.462 loading class org/apache/maven/artifact/resolver/ArtifactResolver
Event: 0.462 loading class org/apache/maven/artifact/resolver/ArtifactResolver done
Event: 0.462 loading class org/apache/maven/artifact/resolver/ArtifactResolver
Event: 0.462 loading class org/apache/maven/artifact/resolver/ArtifactResolver done


Dynamic libraries:
0x00007ff7e1e70000 - 0x00007ff7e1eb7000 	C:\Program Files\Java\jdk1.8.0_321\bin\java.exe
0x00007ffe5f9b0000 - 0x00007ffe5fba7000 	C:\WINDOWS\SYSTEM32\ntdll.dll
0x00007ffe5f520000 - 0x00007ffe5f5dd000 	C:\WINDOWS\System32\KERNEL32.DLL
0x00007ffe5d460000 - 0x00007ffe5d756000 	C:\WINDOWS\System32\KERNELBASE.dll
0x00007ffe5e650000 - 0x00007ffe5e6fe000 	C:\WINDOWS\System32\ADVAPI32.dll
0x00007ffe5e960000 - 0x00007ffe5e9fe000 	C:\WINDOWS\System32\msvcrt.dll
0x00007ffe5e420000 - 0x00007ffe5e4bc000 	C:\WINDOWS\System32\sechost.dll
0x00007ffe5e520000 - 0x00007ffe5e646000 	C:\WINDOWS\System32\RPCRT4.dll
0x00007ffe5f7d0000 - 0x00007ffe5f96e000 	C:\WINDOWS\System32\USER32.dll
0x00007ffe5d090000 - 0x00007ffe5d0b2000 	C:\WINDOWS\System32\win32u.dll
0x00007ffe5eaf0000 - 0x00007ffe5eb1c000 	C:\WINDOWS\System32\GDI32.dll
0x00007ffe5d7f0000 - 0x00007ffe5d90a000 	C:\WINDOWS\System32\gdi32full.dll
0x00007ffe5d270000 - 0x00007ffe5d30d000 	C:\WINDOWS\System32\msvcp_win.dll
0x00007ffe5d910000 - 0x00007ffe5da10000 	C:\WINDOWS\System32\ucrtbase.dll
0x00007ffe3eb30000 - 0x00007ffe3edca000 	C:\WINDOWS\WinSxS\amd64_microsoft.windows.common-controls_6595b64144ccf1df_6.0.19041.3570_none_60bb2a3971f3e41a\COMCTL32.dll
0x00007ffe5ea00000 - 0x00007ffe5ea30000 	C:\WINDOWS\System32\IMM32.DLL
0x00007ffdef540000 - 0x00007ffdef555000 	C:\Program Files\Java\jdk1.8.0_321\jre\bin\vcruntime140.dll
0x00007ffdee940000 - 0x00007ffdee9db000 	C:\Program Files\Java\jdk1.8.0_321\jre\bin\msvcp140.dll
0x0000000051b50000 - 0x00000000523b1000 	C:\Program Files\Java\jdk1.8.0_321\jre\bin\server\jvm.dll
0x00007ffe5f7b0000 - 0x00007ffe5f7b8000 	C:\WINDOWS\System32\PSAPI.DLL
0x00007ffe4a250000 - 0x00007ffe4a277000 	C:\WINDOWS\SYSTEM32\WINMM.dll
0x00007ffe56c90000 - 0x00007ffe56c9a000 	C:\WINDOWS\SYSTEM32\VERSION.dll
0x00007ffe3f7f0000 - 0x00007ffe3f7f9000 	C:\WINDOWS\SYSTEM32\WSOCK32.dll
0x00007ffe5f5e0000 - 0x00007ffe5f64b000 	C:\WINDOWS\System32\WS2_32.dll
0x00007ffe5b8c0000 - 0x00007ffe5b8d2000 	C:\WINDOWS\SYSTEM32\kernel.appcore.dll
0x00007ffe3f7e0000 - 0x00007ffe3f7f0000 	C:\Program Files\Java\jdk1.8.0_321\jre\bin\verify.dll
0x00007ffdef4d0000 - 0x00007ffdef4fb000 	C:\Program Files\Java\jdk1.8.0_321\jre\bin\java.dll
0x00007ffdef4b0000 - 0x00007ffdef4c8000 	C:\Program Files\Java\jdk1.8.0_321\jre\bin\zip.dll
0x00007ffe5ec40000 - 0x00007ffe5f384000 	C:\WINDOWS\System32\SHELL32.dll
0x00007ffe5b110000 - 0x00007ffe5b8ab000 	C:\WINDOWS\SYSTEM32\windows.storage.dll
0x00007ffe5e0c0000 - 0x00007ffe5e414000 	C:\WINDOWS\System32\combase.dll
0x00007ffe5cad0000 - 0x00007ffe5cafd000 	C:\WINDOWS\SYSTEM32\Wldp.dll
0x00007ffe5ea40000 - 0x00007ffe5eaed000 	C:\WINDOWS\System32\SHCORE.dll
0x00007ffe5e7b0000 - 0x00007ffe5e805000 	C:\WINDOWS\System32\shlwapi.dll
0x00007ffe5cfc0000 - 0x00007ffe5cfe5000 	C:\WINDOWS\SYSTEM32\profapi.dll
0x0000000069ac0000 - 0x0000000069ae4000 	C:\Program Files\NetBeans-13\netbeans\java\maven\lib\jansi-native\Windows\x86_64\jansi.dll

VM Arguments:
jvm_args: -Dclassworlds.conf=C:\Program Files\NetBeans-13\netbeans\java\maven\bin\m2.conf -Dmaven.home=C:\Program Files\NetBeans-13\netbeans\java\maven -Dlibrary.jansi.path=C:\Program Files\NetBeans-13\netbeans\java\maven\lib\jansi-native -Dmaven.multiModuleProjectDirectory=D:\BTL-javaweb\BTL-java 
java_command: org.codehaus.plexus.classworlds.launcher.Launcher -Dexec.vmArgs= -Dexec.args=${exec.vmArgs} -classpath %classpath ${exec.mainClass} ${exec.appArgs} -Dexec.executable=java -Dexec.mainClass=Model.Article.Test -Dexec.classpathScope=runtime -Dexec.appArgs= -Dmaven.ext.class.path=C:\Program Files\NetBeans-13\netbeans\java\maven-nblib\netbeans-eventspy.jar -Dfile.encoding=UTF-8 org.codehaus.mojo:exec-maven-plugin:3.0.0:exec
java_class_path (initial): C:\Program Files\NetBeans-13\netbeans\java\maven\boot\plexus-classworlds-2.6.0.jar
Launcher Type: SUN_STANDARD

Environment Variables:
JAVA_HOME=C:\Program Files\Java\jdk1.8.0_321
PATH=C:\Program Files (x86)\Common Files\Oracle\Java\javapath;C:\Program Files (x86)\VMware\VMware Player\bin\;C:\Windows\system32;C:\Windows;C:\Windows\System32\Wbem;C:\Windows\System32\WindowsPowerShell\v1.0\;C:\Windows\System32\OpenSSH\;C:\Program Files\NVIDIA Corporation\NVIDIA NvDLISR;C:\WINDOWS\system32;C:\WINDOWS;C:\WINDOWS\System32\Wbem;C:\WINDOWS\System32\WindowsPowerShell\v1.0\;C:\WINDOWS\System32\OpenSSH\;C:\Program Files\dotnet\;C:\Program Files\Cloudflare\Cloudflare WARP\;C:\Program Files\MATLAB\R2016a\runtime\win64;C:\Program Files\MATLAB\R2016a\bin;C:\Program Files\MATLAB\R2016a\polyspace\bin;C:\MinGW\bin;C:\Program Files (x86)\Microsoft SQL Server\160\Tools\Binn\;C:\Program Files\Microsoft SQL Server\160\Tools\Binn\;C:\Program Files\Microsoft SQL Server\Client SDK\ODBC\170\Tools\Binn\;C:\Program Files\Microsoft SQL Server\160\DTS\Binn\;C:\Program Files (x86)\Microsoft SQL Server\160\DTS\Binn\;C:\Program Files\Azure Data Studio\bin;C:\Program Files\Git\cmd;C:\Users\DELL\AppData\Local\Microsoft\WindowsApps;C:\Users\DELL\AppData\Local\Programs\Microsoft VS Code\bin;C:\Program Files\Azure Data Studio\bin;C:\Program Files\JetBrains\PyCharm 2023.2\bin;;C:\Program Files\JetBrains\PyCharm Community Edition 2023.2\bin;
USERNAME=DELL
OS=Windows_NT
PROCESSOR_IDENTIFIER=Intel64 Family 6 Model 126 Stepping 5, GenuineIntel



---------------  S Y S T E M  ---------------

OS: Windows 10 , 64 bit Build 19041 (10.0.19041.3570)

CPU:total 8 (initial active 8) (4 cores per cpu, 2 threads per core) family 6 model 126 stepping 5, cmov, cx8, fxsr, mmx, sse, sse2, sse3, ssse3, sse4.1, sse4.2, popcnt, avx, avx2, aes, clmul, erms, 3dnowpref, lzcnt, ht, tsc, tscinvbit, bmi1, bmi2, adx

Memory: 4k page, physical 3956048k(140652k free), swap 9180556k(4k free)

vm_info: Java HotSpot(TM) 64-Bit Server VM (25.321-b07) for windows-amd64 JRE (1.8.0_321-b07), built on Dec 15 2021 11:19:20 by "java_re" with MS VC++ 15.9 (VS2017)

time: Sat Nov  4 14:50:53 2023
timezone: SE Asia Standard Time
elapsed time: 0.470015 seconds (0d 0h 0m 0s)

